------------------
imer Is 3579545 Ticks/	0	0	0
------------------
mer	0	0	0
------------------
	0	0	0
------------------
 Timer Is 357	0	0	0
------------------
 Timer Is 3579545	0	0	0
------------------
	0	0	0
------------------
	    0	
	    0	
	0	0	0
------------------
	0	0	0
------------------
	0	0	0
------------------
	0	0	0
------------------
	0	0	0
------------------
	0	0	0
------------------
	0	0	0
------------------
	0	0	0
------------------
	0	0	0
------------------
imer Is 3579545 Ticks	0	0	0
------------------
	   18	_D3std4conv9__T2toTeZ9__T2toTmZ2toFNaNbNiNfmZe
	    0	
	   80	
_D3std4conv15__T6toImplTeTmZ6toImplFNaNbNiNfmZe	98	222	222
------------------
	   50	_D3std5stdio4File14__T5writeTmTaZ5writeMFNfmaZv
	    0	
_D3std4conv55__T11toTextRangeTmTS3std5stdio4File17LockingTextWriterZ11toTextRangeFNfmS3std5stdio4File17LockingTextWriterZv	50	34347	7100
	   50	_D3std5range10primitives47__T3putTS3std5stdio4File17LockingTextWriterTAaZ3putFNfKS3std5stdio4File17LockingTextWriterAaZv
------------------
	   18	_D6sieves5prime9generator12eratosthenesMFmZv
_D3std4conv9__T2toTeZ9__T2toTmZ2toFNaNbNiNfmZe	18	1002	780
	   18	_D3std4conv15__T6toImplTeTmZ6toImplFNaNbNiNfmZe
------------------
	   52	_D3std6format58__T11formatRangeTS3std5stdio4File17LockingTextWriterTAmTaZ11formatRangeFNfKS3std5stdio4File17LockingTextWriterKAmKS3std6format18__T10FormatSpecTaZ10FormatSpecZv
_D3std5range10primitives12__T5emptyTmZ5emptyFNaNbNdNiNfxAmZb	52	941	941
------------------
	   50	_D3std6format58__T11formatRangeTS3std5stdio4File17LockingTextWriterTAmTaZ11formatRangeFNfKS3std5stdio4File17LockingTextWriterKAmKS3std6format18__T10FormatSpecTaZ10FormatSpecZv
_D3std5range10primitives12__T5frontTmZ5frontFNaNbNcNdNiNfAmZm	50	880	880
------------------
	   50	_D3std6format58__T11formatRangeTS3std5stdio4File17LockingTextWriterTAmTaZ11formatRangeFNfKS3std5stdio4File17LockingTextWriterKAmKS3std6format18__T10FormatSpecTaZ10FormatSpecZv
_D3std5range10primitives15__T8popFrontTmZ8popFrontFNaNbNiNfKAmZv	50	929	929
------------------
	   50	_D3std5stdio4File14__T5writeTmTaZ5writeMFNfmaZv
	    2	_D3std5stdio4File15__T5writeTAmTaZ5writeMFNfAmaZv
_D3std5range10primitives46__T3putTS3std5stdio4File17LockingTextWriterTaZ3putFNbNiNfKS3std5stdio4File17LockingTextWriteraZv	52	110238	3223
	   52	_D3std5range10primitives48__T5doPutTS3std5stdio4File17LockingTextWriterTaZ5doPutFNbNiNfKS3std5stdio4File17LockingTextWriterKaZv
------------------
	   50	_D3std4conv55__T11toTextRangeTmTS3std5stdio4File17LockingTextWriterZ11toTextRangeFNfmS3std5stdio4File17LockingTextWriterZv
	   50	_D3std6format60__T14formatUnsignedTS3std5stdio4File17LockingTextWriterTmTaZ14formatUnsignedFNfS3std5stdio4File17LockingTextWritermKS3std6format18__T10FormatSpecTaZ10FormatSpeckbZv
_D3std5range10primitives47__T3putTS3std5stdio4File17LockingTextWriterTAaZ3putFNfKS3std5stdio4File17LockingTextWriterAaZv	100	41178	4877
	  100	_D3std5range10primitives49__T5doPutTS3std5stdio4File17LockingTextWriterTAaZ5doPutFNfKS3std5stdio4File17LockingTextWriterKAaZv
------------------
	    2	_D3std6format18__T10FormatSpecTaZ10FormatSpec59__T17writeUpToNextSpecTS3std5stdio4File17LockingTextWriterZ17writeUpToNextSpecMFNfS3std5stdio4File17LockingTextWriterZb
_D3std5range10primitives48__T3putTS3std5stdio4File17LockingTextWriterTAxaZ3putFNfKS3std5stdio4File17LockingTextWriterAxaZv	2	911	143
	    2	_D3std5range10primitives50__T5doPutTS3std5stdio4File17LockingTextWriterTAxaZ5doPutFNfKS3std5stdio4File17LockingTextWriterKAxaZv
------------------
	   52	_D3std6format58__T11formatRangeTS3std5stdio4File17LockingTextWriterTAmTaZ11formatRangeFNfKS3std5stdio4File17LockingTextWriterKAmKS3std6format18__T10FormatSpecTaZ10FormatSpecZv
_D3std5range10primitives48__T3putTS3std5stdio4File17LockingTextWriterTAyaZ3putFNfKS3std5stdio4File17LockingTextWriterAyaZv	52	15444	3351
	   52	_D3std5range10primitives50__T5doPutTS3std5stdio4File17LockingTextWriterTAyaZ5doPutFNfKS3std5stdio4File17LockingTextWriterKAyaZv
------------------
	   52	_D3std5range10primitives46__T3putTS3std5stdio4File17LockingTextWriterTaZ3putFNbNiNfKS3std5stdio4File17LockingTextWriteraZv
_D3std5range10primitives48__T5doPutTS3std5stdio4File17LockingTextWriterTaZ5doPutFNbNiNfKS3std5stdio4File17LockingTextWriterKaZv	52	107015	1922
	   52	_D3std5stdio4File17LockingTextWriter10__T3putTaZ3putMFNbNiNfaZv
------------------
	  100	_D3std5range10primitives47__T3putTS3std5stdio4File17LockingTextWriterTAaZ3putFNfKS3std5stdio4File17LockingTextWriterAaZv
_D3std5range10primitives49__T5doPutTS3std5stdio4File17LockingTextWriterTAaZ5doPutFNfKS3std5stdio4File17LockingTextWriterKAaZv	100	36301	5160
	  100	_D3std5stdio4File17LockingTextWriter11__T3putTAaZ3putMFNfAaZv
------------------
	    2	_D3std5range10primitives48__T3putTS3std5stdio4File17LockingTextWriterTAxaZ3putFNfKS3std5stdio4File17LockingTextWriterAxaZv
_D3std5range10primitives50__T5doPutTS3std5stdio4File17LockingTextWriterTAxaZ5doPutFNfKS3std5stdio4File17LockingTextWriterKAxaZv	2	768	153
	    2	_D3std5stdio4File17LockingTextWriter12__T3putTAxaZ3putMFNfAxaZv
------------------
	   52	_D3std5range10primitives48__T3putTS3std5stdio4File17LockingTextWriterTAyaZ3putFNfKS3std5stdio4File17LockingTextWriterAyaZv
_D3std5range10primitives50__T5doPutTS3std5stdio4File17LockingTextWriterTAyaZ5doPutFNfKS3std5stdio4File17LockingTextWriterKAyaZv	52	12093	3429
	   52	_D3std5stdio4File17LockingTextWriter12__T3putTAyaZ3putMFNfAyaZv
------------------
	   50	_Dmain
_D3std5stdio14__T7writelnTmZ7writelnFNfmZv	50	158455	7679
	   50	_D3std5stdio4File14__T5writeTmTaZ5writeMFNfmaZv
------------------
	    2	_Dmain
_D3std5stdio15__T7writelnTAmZ7writelnFNfAmZv	2	108134	638
	    2	_D3std5stdio4File15__T5writeTAmTaZ5writeMFNfAmaZv
------------------
	   50	_D3std5stdio14__T7writelnTmZ7writelnFNfmZv
	   30	_D3std6format18__T10FormatSpecTaZ10FormatSpec59__T17writeUpToNextSpecTS3std5stdio4File17LockingTextWriterZ17writeUpToNextSpecMFNfS3std5stdio4File17LockingTextWriterZb
	219023	 Tim
	   20	_Dmain
	438176	 Timer Is 357
	    0	
_D3std5stdio4File14__T5writeTmTaZ5writeMFNfmaZv	657299	150776	16571
	   50	_D3std4conv55__T11toTextRangeTmTS3std5stdio4File17LockingTextWriterZ11toTextRangeFNfmS3std5stdio4File17LockingTextWriterZv
	   50	_D3std5range10primitives46__T3putTS3std5stdio4File17LockingTextWriterTaZ3putFNbNiNfKS3std5stdio4File17LockingTextWriteraZv
------------------
	    2	_D3std5stdio15__T7writelnTAmZ7writelnFNfAmZv
_D3std5stdio4File15__T5writeTAmTaZ5writeMFNfAmaZv	2	107496	1311
	    2	_D3std6format61__T14formattedWriteTS3std5stdio4File17LockingTextWriterTaTAmZ14formattedWriteFNfS3std5stdio4File17LockingTextWriterxAaAmZk
	    2	_D3std5range10primitives46__T3putTS3std5stdio4File17LockingTextWriterTaZ3putFNbNiNfKS3std5stdio4File17LockingTextWriteraZv
------------------
	   52	_D3std5range10primitives48__T5doPutTS3std5stdio4File17LockingTextWriterTaZ5doPutFNbNiNfKS3std5stdio4File17LockingTextWriterKaZv
_D3std5stdio4File17LockingTextWriter10__T3putTaZ3putMFNbNiNfaZv	52	105093	2557
	   52	_D3std5stdio4File17LockingTextWriter10__T3putTaZ3putMFNfaZ12trustedFPUTCFNbNiNeiPS4core4stdc5stdio8_IO_FILEZi
------------------
	   52	_D3std5stdio4File17LockingTextWriter10__T3putTaZ3putMFNbNiNfaZv
_D3std5stdio4File17LockingTextWriter10__T3putTaZ3putMFNfaZ12trustedFPUTCFNbNiNeiPS4core4stdc5stdio8_IO_FILEZi	52	102536	102536
------------------
	  100	_D3std5stdio4File17LockingTextWriter11__T3putTAaZ3putMFNfAaZv
_D3std5stdio4File17LockingTextWriter11__T3putTAaZ3putMFAaZ13trustedFwriteFNbNiNexPvmmPOS4core4stdc5stdio8_IO_FILEZm	100	25149	25149
------------------
	  100	_D3std5range10primitives49__T5doPutTS3std5stdio4File17LockingTextWriterTAaZ5doPutFNfKS3std5stdio4File17LockingTextWriterKAaZv
_D3std5stdio4File17LockingTextWriter11__T3putTAaZ3putMFNfAaZv	100	31141	5992
	  100	_D3std5stdio4File17LockingTextWriter11__T3putTAaZ3putMFAaZ13trustedFwriteFNbNiNexPvmmPOS4core4stdc5stdio8_IO_FILEZm
------------------
	    2	_D3std5stdio4File17LockingTextWriter12__T3putTAxaZ3putMFNfAxaZv
_D3std5stdio4File17LockingTextWriter12__T3putTAxaZ3putMFAxaZ13trustedFwriteFNbNiNexPvmmPOS4core4stdc5stdio8_IO_FILEZm	2	161	161
------------------
	    2	_D3std5range10primitives50__T5doPutTS3std5stdio4File17LockingTextWriterTAxaZ5doPutFNfKS3std5stdio4File17LockingTextWriterKAxaZv
_D3std5stdio4File17LockingTextWriter12__T3putTAxaZ3putMFNfAxaZv	2	615	454
	    2	_D3std5stdio4File17LockingTextWriter12__T3putTAxaZ3putMFAxaZ13trustedFwriteFNbNiNexPvmmPOS4core4stdc5stdio8_IO_FILEZm
------------------
	   52	_D3std5stdio4File17LockingTextWriter12__T3putTAyaZ3putMFNfAyaZv
_D3std5stdio4File17LockingTextWriter12__T3putTAyaZ3putMFAyaZ13trustedFwriteFNbNiNexPvmmPOS4core4stdc5stdio8_IO_FILEZm	52	4751	4751
------------------
	   52	_D3std5range10primitives50__T5doPutTS3std5stdio4File17LockingTextWriterTAyaZ5doPutFNfKS3std5stdio4File17LockingTextWriterKAyaZv
_D3std5stdio4File17LockingTextWriter12__T3putTAyaZ3putMFNfAyaZv	52	8664	3913
	   52	_D3std5stdio4File17LockingTextWriter12__T3putTAyaZ3putMFAyaZ13trustedFwriteFNbNiNexPvmmPOS4core4stdc5stdio8_IO_FILEZm
------------------
	    4	_D3std6format61__T14formattedWriteTS3std5stdio4File17LockingTextWriterTaTAmZ14formattedWriteFNfS3std5stdio4File17LockingTextWriterxAaAmZk
	   30	
	    0	
_D3std6format18__T10FormatSpecTaZ10FormatSpec59__T17writeUpToNextSpecTS3std5stdio4File17LockingTextWriterZ17writeUpToNextSpecMFNfS3std5stdio4File17LockingTextWriterZb	34	110507	68677
	    2	_D3std5range10primitives48__T3putTS3std5stdio4File17LockingTextWriterTAxaZ3putFNfKS3std5stdio4File17LockingTextWriterAxaZv
------------------
	   50	_D3std6format59__T13formatElementTS3std5stdio4File17LockingTextWriterTmTaZ13formatElementFNfS3std5stdio4File17LockingTextWriterKmKS3std6format18__T10FormatSpecTaZ10FormatSpecZv
	    0	
	   20	
_D3std6format57__T11formatValueTS3std5stdio4File17LockingTextWriterTmTaZ11formatValueFNfS3std5stdio4File17LockingTextWritermKS3std6format18__T10FormatSpecTaZ10FormatSpecZv	70	46306	7594
	   50	_D3std6format60__T14formatIntegralTS3std5stdio4File17LockingTextWriterTmTaZ14formatIntegralFNfS3std5stdio4File17LockingTextWriterxmKS3std6format18__T10FormatSpecTaZ10FormatSpeckmZv
------------------
	    2	_D3std6format58__T11formatValueTS3std5stdio4File17LockingTextWriterTAmTaZ11formatValueFNfS3std5stdio4File17LockingTextWriterAmKS3std6format18__T10FormatSpecTaZ10FormatSpecZv
_D3std6format58__T11formatRangeTS3std5stdio4File17LockingTextWriterTAmTaZ11formatRangeFNfKS3std5stdio4File17LockingTextWriterKAmKS3std6format18__T10FormatSpecTaZ10FormatSpecZv	2	85438	14530
	   52	_D3std5range10primitives48__T3putTS3std5stdio4File17LockingTextWriterTAyaZ3putFNfKS3std5stdio4File17LockingTextWriterAyaZv
	   52	_D3std5range10primitives12__T5emptyTmZ5emptyFNaNbNdNiNfxAmZb
	   50	_D3std5range10primitives12__T5frontTmZ5frontFNaNbNcNdNiNfAmZm
	   50	_D3std6format59__T13formatElementTS3std5stdio4File17LockingTextWriterTmTaZ13formatElementFNfS3std5stdio4File17LockingTextWriterKmKS3std6format18__T10FormatSpecTaZ10FormatSpecZv
	   50	_D3std5range10primitives15__T8popFrontTmZ8popFrontFNaNbNiNfKAmZv
------------------
	    2	_D3std6format60__T13formatGenericTS3std5stdio4File17LockingTextWriterTAmTaZ13formatGenericFS3std5stdio4File17LockingTextWriterPxvKS3std6format18__T10FormatSpecTaZ10FormatSpecZv
_D3std6format58__T11formatValueTS3std5stdio4File17LockingTextWriterTAmTaZ11formatValueFNfS3std5stdio4File17LockingTextWriterAmKS3std6format18__T10FormatSpecTaZ10FormatSpecZv	2	85919	481
	    2	_D3std6format58__T11formatRangeTS3std5stdio4File17LockingTextWriterTAmTaZ11formatRangeFNfKS3std5stdio4File17LockingTextWriterKAmKS3std6format18__T10FormatSpecTaZ10FormatSpecZv
------------------
	   50	_D3std6format58__T11formatRangeTS3std5stdio4File17LockingTextWriterTAmTaZ11formatRangeFNfKS3std5stdio4File17LockingTextWriterKAmKS3std6format18__T10FormatSpecTaZ10FormatSpecZv
_D3std6format59__T13formatElementTS3std5stdio4File17LockingTextWriterTmTaZ13formatElementFNfS3std5stdio4File17LockingTextWriterKmKS3std6format18__T10FormatSpecTaZ10FormatSpecZv	50	52714	6408
	   50	_D3std6format57__T11formatValueTS3std5stdio4File17LockingTextWriterTmTaZ11formatValueFNfS3std5stdio4File17LockingTextWritermKS3std6format18__T10FormatSpecTaZ10FormatSpecZv
------------------
	    2	_D3std6format61__T14formattedWriteTS3std5stdio4File17LockingTextWriterTaTAmZ14formattedWriteFNfS3std5stdio4File17LockingTextWriterxAaAmZk
	    0	
	   20	
_D3std6format60__T13formatGenericTS3std5stdio4File17LockingTextWriterTAmTaZ13formatGenericFS3std5stdio4File17LockingTextWriterPxvKS3std6format18__T10FormatSpecTaZ10FormatSpecZv	22	86445	526
	    2	_D3std6format58__T11formatValueTS3std5stdio4File17LockingTextWriterTAmTaZ11formatValueFNfS3std5stdio4File17LockingTextWriterAmKS3std6format18__T10FormatSpecTaZ10FormatSpecZv
------------------
	   50	_D3std6format57__T11formatValueTS3std5stdio4File17LockingTextWriterTmTaZ11formatValueFNfS3std5stdio4File17LockingTextWritermKS3std6format18__T10FormatSpecTaZ10FormatSpecZv
_D3std6format60__T14formatIntegralTS3std5stdio4File17LockingTextWriterTmTaZ14formatIntegralFNfS3std5stdio4File17LockingTextWriterxmKS3std6format18__T10FormatSpecTaZ10FormatSpeckmZv	50	38712	7647
	   50	_D3std6format60__T14formatUnsignedTS3std5stdio4File17LockingTextWriterTmTaZ14formatUnsignedFNfS3std5stdio4File17LockingTextWritermKS3std6format18__T10FormatSpecTaZ10FormatSpeckbZv
------------------
	   50	_D3std6format60__T14formatIntegralTS3std5stdio4File17LockingTextWriterTmTaZ14formatIntegralFNfS3std5stdio4File17LockingTextWriterxmKS3std6format18__T10FormatSpecTaZ10FormatSpeckmZv
_D3std6format60__T14formatUnsignedTS3std5stdio4File17LockingTextWriterTmTaZ14formatUnsignedFNfS3std5stdio4File17LockingTextWritermKS3std6format18__T10FormatSpecTaZ10FormatSpeckbZv	50	31065	17134
	   50	_D3std5range10primitives47__T3putTS3std5stdio4File17LockingTextWriterTAaZ3putFNfKS3std5stdio4File17LockingTextWriterAaZv
------------------
	    2	_D3std5stdio4File15__T5writeTAmTaZ5writeMFNfAmaZv
	    0	
	   40	_D3std6format18__T10FormatSpecTaZ10FormatSpec59__T17writeUpToNextSpecTS3std5stdio4File17LockingTextWriterZ17writeUpToNextSpecMFNfS3std5stdio4File17LockingTextWriterZb
	   20	
	   20	
_D3std6format61__T14formattedWriteTS3std5stdio4File17LockingTextWriterTaTAmZ14formattedWriteFNfS3std5stdio4File17LockingTextWriterxAaAmZk	82	95805	4743
	    2	_D3std6format61__T14formattedWriteTS3std5stdio4File17LockingTextWriterTaTAmZ14formattedWriteFS3std5stdio4File17LockingTextWriterxAaAmZ9__lambda5FNaNbNiNeZPFNaNbNfS3std5stdio4File17LockingTextWriterPxvKS3std6format18__T10FormatSpecTaZ10FormatSpecZv
	    2	_D3std6format61__T14formattedWriteTS3std5stdio4File17LockingTextWriterTaTAmZ14formattedWriteFS3std5stdio4File17LockingTextWriterxAaAmZ17__T9__lambda6TAmZ9__lambda6FNaNbNiNeKAmZxPv
	    4	_D3std6format18__T10FormatSpecTaZ10FormatSpec59__T17writeUpToNextSpecTS3std5stdio4File17LockingTextWriterZ17writeUpToNextSpecMFNfS3std5stdio4File17LockingTextWriterZb
	    2	_D3std6format60__T13formatGenericTS3std5stdio4File17LockingTextWriterTAmTaZ13formatGenericFS3std5stdio4File17LockingTextWriterPxvKS3std6format18__T10FormatSpecTaZ10FormatSpecZv
------------------
	    2	_D3std6format61__T14formattedWriteTS3std5stdio4File17LockingTextWriterTaTAmZ14formattedWriteFNfS3std5stdio4File17LockingTextWriterxAaAmZk
_D3std6format61__T14formattedWriteTS3std5stdio4File17LockingTextWriterTaTAmZ14formattedWriteFS3std5stdio4File17LockingTextWriterxAaAmZ17__T9__lambda6TAmZ9__lambda6FNaNbNiNeKAmZxPv	2	18	18
------------------
	    2	_D3std6format61__T14formattedWriteTS3std5stdio4File17LockingTextWriterTaTAmZ14formattedWriteFNfS3std5stdio4File17LockingTextWriterxAaAmZk
_D3std6format61__T14formattedWriteTS3std5stdio4File17LockingTextWriterTaTAmZ14formattedWriteFS3std5stdio4File17LockingTextWriterxAaAmZ9__lambda5FNaNbNiNeZPFNaNbNfS3std5stdio4File17LockingTextWriterPxvKS3std6format18__T10FormatSpecTaZ10FormatSpecZv	2	20	20
------------------
	   52	_Dmain
	21961328	imer Is 3579545 Ticks/
	21961328	imer Is 3579545 Ticks/Sec, Times
	    0	
_D6sieves5prime9generator10primeRangeMFZ2pr5emptyMFNaNbNiNfZb	43922708	470	470
------------------
	   50	_Dmain
_D6sieves5prime9generator10primeRangeMFZ2pr5frontMFNaNbNiNfZm	50	381	381
------------------
	   50	_Dmain
_D6sieves5prime9generator10primeRangeMFZ2pr8popFrontMFNaNbNiNfZv	50	240	240
------------------
	    2	_Dmain
_D6sieves5prime9generator10primeRangeMFZS6sieves5prime9generator10primeRangeMFZ2pr	2	385	247
	    2	_D6sieves5prime9generator13update_primesMFZv
------------------
	    2	_D6sieves5prime9generator6__ctorMFNgmZC6sieves5prime9generator
_D6sieves5prime9generator12eratosthenesMFmZv	2	7172	6170
	   18	_D3std4conv9__T2toTeZ9__T2toTmZ2toFNaNbNiNfmZe
------------------
	    2	_D6sieves5prime9generator6__ctorMFNgmZC6sieves5prime9generator
	    2	_D6sieves5prime9generator10primeRangeMFZS6sieves5prime9generator10primeRangeMFZ2pr
	    2	_D6sieves5prime9generator9getPrimesMFZAm
_D6sieves5prime9generator13update_primesMFZv	6	10945	10945
------------------
	    2	_D6sieves5prime9generator6__ctorMFZC6sieves5prime9generator
_D6sieves5prime9generator6__ctorMFNgmZC6sieves5prime9generator	2	49254	31423
	    2	_D6sieves5prime9generator12eratosthenesMFmZv
	    2	_D6sieves5prime9generator13update_primesMFZv
------------------
	    2	_Dmain
_D6sieves5prime9generator6__ctorMFZC6sieves5prime9generator	2	49463	209
	    2	_D6sieves5prime9generator6__ctorMFNgmZC6sieves5prime9generator
------------------
	    2	_Dmain
_D6sieves5prime9generator9getPrimesMFZAm	2	321	173
	    2	_D6sieves5prime9generator13update_primesMFZv
------------------
	   31	_Dmain
_Dmain	31	108743966496	94673
	    2	_D6sieves5prime9generator6__ctorMFZC6sieves5prime9generator
	    2	_D6sieves5prime9generator10primeRangeMFZS6sieves5prime9generator10primeRangeMFZ2pr
	   52	_D6sieves5prime9generator10primeRangeMFZ2pr5emptyMFNaNbNiNfZb
	   50	_D6sieves5prime9generator10primeRangeMFZ2pr5frontMFNaNbNiNfZm
	   50	_D3std5stdio14__T7writelnTmZ7writelnFNfmZv
	   50	_D6sieves5prime9generator10primeRangeMFZ2pr8popFrontMFNaNbNiNfZv
	    2	_D6sieves5prime9generator9getPrimesMFZAm
	    2	_D3std5stdio15__T7writelnTAmZ7writelnFNfAmZv
------------------
im	0	0	0
------------------
 Ti	0	0	0
------------------
	    0	
	87668228	im
	    0	
	   21	
	219023	 Ti
	   20	
	   20	
	   20	_D3std6format18__T10FormatSpecTaZ10FormatSpec59__T17writeUpToNextSpecTS3std5stdio4File17LockingTextWriterZ17writeUpToNextSpecMFNfS3std5stdio4File17LockingTextWriterZb
	   60	
	248558	 Timer Is 3579545
	   20	_Dmain
	   20	
	21961328	imer Is 3579545 Ticks/Sec, Times are in Microsecs 
	21961328	imer Is 3579545 Ticks
	132058646	0	0
------------------
 Tim	0	0	0
------------------
imer Is 3579545 T	0	0	0
------------------
imer Is 3579545 Ticks/Sec, Times	0	0	0
------------------
imer Is 3579545 Ticks/Sec, Times are in Microsecs 	0	0	0

======== Timer Is 3579545 Ticks/Sec, Times are in Microsecs ========

  Num          Tree        Func        Per
  Calls        Time        Time        Call

     52       28644       28644         550     _D3std5stdio4File17LockingTextWriter10__T3putTaZ3putMFNfaZ12trustedFPUTCFNbNiNeiPS4core4stdc5stdio8_IO_FILEZi
     31 30379270688       26448         853     _Dmain
     34       30871       19185         564     @safe bool std.format.FormatSpec!(char).FormatSpec.writeUpToNextSpec!(std.stdio.File.LockingTextWriter).writeUpToNextSpec(std.stdio.File.LockingTextWriter)
      2       13759        8778        4389     sieves.prime.generator sieves.prime.generator.__ctor(inout(ulong))
    100        7025        7025          70     _D3std5stdio4File17LockingTextWriter11__T3putTAaZ3putMFAaZ13trustedFwriteFNbNiNexPvmmPOS4core4stdc5stdio8_IO_FILEZm
     50        8678        4786          95     @safe void std.format.formatUnsigned!(std.stdio.File.LockingTextWriter, ulong, char).formatUnsigned(std.stdio.File.LockingTextWriter, ulong, ref std.format.FormatSpec!(char).FormatSpec, uint, bool)
 657299       42121        4629           0     @safe void std.stdio.File.write!(ulong, char).write(ulong, char)
      2       23868        4059        2029     @safe void std.format.formatRange!(std.stdio.File.LockingTextWriter, ulong[], char).formatRange(ref std.stdio.File.LockingTextWriter, ref ulong[], ref std.format.FormatSpec!(char).FormatSpec)
      6        3057        3057         509     void sieves.prime.generator.update_primes()
     50       44266        2145          42     @safe void std.stdio.writeln!(ulong).writeln(ulong)
     50       10814        2136          42     @safe void std.format.formatIntegral!(std.stdio.File.LockingTextWriter, ulong, char).formatIntegral(std.stdio.File.LockingTextWriter, const(ulong), ref std.format.FormatSpec!(char).FormatSpec, uint, ulong)
     70       12936        2121          30     @safe void std.format.formatValue!(std.stdio.File.LockingTextWriter, ulong, char).formatValue(std.stdio.File.LockingTextWriter, ulong, ref std.format.FormatSpec!(char).FormatSpec)
     50        9595        1983          39     @safe void std.conv.toTextRange!(ulong, std.stdio.File.LockingTextWriter).toTextRange(ulong, std.stdio.File.LockingTextWriter)
     50       14726        1790          35     @safe void std.format.formatElement!(std.stdio.File.LockingTextWriter, ulong, char).formatElement(std.stdio.File.LockingTextWriter, ref ulong, ref std.format.FormatSpec!(char).FormatSpec)
      2        2003        1723         861     void sieves.prime.generator.eratosthenes(ulong)
    100        8699        1673          16     @safe void std.stdio.File.LockingTextWriter.put!(char[]).put(char[])
    100       10141        1441          14     @safe void std.range.primitives.doPut!(std.stdio.File.LockingTextWriter, char[]).doPut(ref std.stdio.File.LockingTextWriter, ref char[])
    100       11503        1362          13     @safe void std.range.primitives.put!(std.stdio.File.LockingTextWriter, char[]).put(ref std.stdio.File.LockingTextWriter, char[])
     52        1327        1327          25     _D3std5stdio4File17LockingTextWriter12__T3putTAyaZ3putMFAyaZ13trustedFwriteFNbNiNexPvmmPOS4core4stdc5stdio8_IO_FILEZm
     82       26764        1325          16     @safe uint std.format.formattedWrite!(std.stdio.File.LockingTextWriter, char, ulong[]).formattedWrite(std.stdio.File.LockingTextWriter, const(char[]), ulong[])
     52        2420        1093          21     @safe void std.stdio.File.LockingTextWriter.put!(immutable(char)[]).put(immutable(char)[])
     52        3378         957          18     @safe void std.range.primitives.doPut!(std.stdio.File.LockingTextWriter, immutable(char)[]).doPut(ref std.stdio.File.LockingTextWriter, ref immutable(char)[])
     52        4314         936          18     @safe void std.range.primitives.put!(std.stdio.File.LockingTextWriter, immutable(char)[]).put(ref std.stdio.File.LockingTextWriter, immutable(char)[])
     52       30796         900          17     nothrow @nogc @safe void std.range.primitives.put!(std.stdio.File.LockingTextWriter, char).put(ref std.stdio.File.LockingTextWriter, char)
     52       29359         714          13     nothrow @nogc @safe void std.stdio.File.LockingTextWriter.put!(char).put(char)
     52       29896         536          10     nothrow @nogc @safe void std.range.primitives.doPut!(std.stdio.File.LockingTextWriter, char).doPut(ref std.stdio.File.LockingTextWriter, ref char)
      2       30030         366         183     @safe void std.stdio.File.write!(ulong[], char).write(ulong[], char)
     52         262         262           5     pure nothrow @property @nogc @safe bool std.range.primitives.empty!(ulong).empty(const(ulong[]))
     50         259         259           5     pure nothrow @nogc @safe void std.range.primitives.popFront!(ulong).popFront(ref ulong[])
     50         245         245           4     pure nothrow ref @property @nogc @safe ulong std.range.primitives.front!(ulong).front(ulong[])
     18         279         217          12     pure nothrow @nogc @safe real std.conv.to!(real).to!(ulong).to(ulong)
      2       30208         178          89     @safe void std.stdio.writeln!(ulong[]).writeln(ulong[])
     22       24149         146           6     void std.format.formatGeneric!(std.stdio.File.LockingTextWriter, ulong[], char).formatGeneric(std.stdio.File.LockingTextWriter, const(void)*, ref std.format.FormatSpec!(char).FormatSpec)
      2       24002         134          67     @safe void std.format.formatValue!(std.stdio.File.LockingTextWriter, ulong[], char).formatValue(std.stdio.File.LockingTextWriter, ulong[], ref std.format.FormatSpec!(char).FormatSpec)
43922708         131         131           0     _D6sieves5prime9generator10primeRangeMFZ2pr5emptyMFNaNbNiNfZb
      2         171         126          63     @safe void std.stdio.File.LockingTextWriter.put!(const(char)[]).put(const(char)[])
     50         106         106           2     _D6sieves5prime9generator10primeRangeMFZ2pr5frontMFNaNbNiNfZm
      2         107          69          34     _D6sieves5prime9generator10primeRangeMFZS6sieves5prime9generator10primeRangeMFZ2pr
     50          67          67           1     _D6sieves5prime9generator10primeRangeMFZ2pr8popFrontMFNaNbNiNfZv
     98          62          62           0     pure nothrow @nogc @safe real std.conv.toImpl!(real, ulong).toImpl(ulong)
      2       13818          58          29     sieves.prime.generator sieves.prime.generator.__ctor()
      2          89          48          24     ulong[] sieves.prime.generator.getPrimes()
      2          44          44          22     _D3std5stdio4File17LockingTextWriter12__T3putTAxaZ3putMFAxaZ13trustedFwriteFNbNiNexPvmmPOS4core4stdc5stdio8_IO_FILEZm
      2         214          42          21     @safe void std.range.primitives.doPut!(std.stdio.File.LockingTextWriter, const(char)[]).doPut(ref std.stdio.File.LockingTextWriter, ref const(char)[])
      2         254          39          19     @safe void std.range.primitives.put!(std.stdio.File.LockingTextWriter, const(char)[]).put(ref std.stdio.File.LockingTextWriter, const(char)[])
      2           5           5           2     pure nothrow @nogc @trusted pure nothrow @safe void function(std.stdio.File.LockingTextWriter, const(void)*, ref std.format.FormatSpec!(char).FormatSpec)* std.format.formattedWrite!(std.stdio.File.LockingTextWriter, char, ulong[]).formattedWrite(std.stdio.File.LockingTextWriter, const(char[]), ulong[]).__lambda5()
      2           5           5           2     pure nothrow @nogc @trusted const(void*) std.format.formattedWrite!(std.stdio.File.LockingTextWriter, char, ulong[]).formattedWrite(std.stdio.File.LockingTextWriter, const(char[]), ulong[]).__lambda6!(ulong[]).__lambda6(ref ulong[])
      1           0           0           0     
      1           0           0           0     
      1           0           0           0     imer Is 3579545 Ticks/
      1           0           0           0     mer
      1           0           0           0      Timer Is 357
      1           0           0           0      Timer Is 3579545
      1           0           0           0     
      1           0           0           0     
      1           0           0           0     
      1           0           0           0     
      1           0           0           0     
      1           0           0           0     
      1           0           0           0     
      1           0           0           0     
      1           0           0           0     
      1           0           0           0     imer Is 3579545 Ticks
      1           0           0           0     im
      1           0           0           0      Ti
132058646           0           0           0     
      1           0           0           0      Tim
      1           0           0           0     imer Is 3579545 Ticks/Sec, Times are in Microsecs 
      1           0           0           0     imer Is 3579545 Ticks/Sec, Times
      1           0           0           0     imer Is 3579545 T
